# JRE version: Java(TM) SE Runtime Environment (8.0_101-b13) (build 1.8.0_101-b13)
# Java VM: Java HotSpot(TM) 64-Bit Server VM (25.101-b13 mixed mode linux-amd64 compressed oops)
Heap:
 PSYoungGen      total 263680K, used 21315K [0x00000000d7000000, 0x00000000e8d80000, 0x0000000100000000)
  eden space 247808K, 8% used [0x00000000d7000000,0x00000000d84d0f18,0x00000000e6200000)
  from space 15872K, 0% used [0x00000000e6200000,0x00000000e6200000,0x00000000e7180000)
  to   space 19456K, 0% used [0x00000000e7a80000,0x00000000e7a80000,0x00000000e8d80000)
 ParOldGen       total 109056K, used 31903K [0x0000000085000000, 0x000000008ba80000, 0x00000000d7000000)
  object space 109056K, 29% used [0x0000000085000000,0x0000000086f27c30,0x000000008ba80000)
 Metaspace       used 35705K, capacity 36284K, committed 36520K, reserved 1081344K
  class space    used 4351K, capacity 4500K, committed 4520K, reserved 1048576K
GC Heap History (10 events):
Event: 2,376 GC heap before
{Heap before GC invocations=7 (full 0):
 PSYoungGen      total 135680K, used 68938K [0x00000000d7000000, 0x00000000dff00000, 0x0000000100000000)
  eden space 126464K, 47% used [0x00000000d7000000,0x00000000dab40448,0x00000000deb80000)
  from space 9216K, 89% used [0x00000000df500000,0x00000000dfd12528,0x00000000dfe00000)
  to   space 9728K, 0% used [0x00000000deb80000,0x00000000deb80000,0x00000000df500000)
 ParOldGen       total 84992K, used 8837K [0x0000000085000000, 0x000000008a300000, 0x00000000d7000000)
  object space 84992K, 10% used [0x0000000085000000,0x00000000858a1638,0x000000008a300000)
 Metaspace       used 20676K, capacity 21152K, committed 21296K, reserved 1069056K
  class space    used 2409K, capacity 2563K, committed 2608K, reserved 1048576K
Event: 2,390 GC heap after
Heap after GC invocations=7 (full 0):
 PSYoungGen      total 136192K, used 9716K [0x00000000d7000000, 0x00000000e8100000, 0x0000000100000000)
  eden space 126464K, 0% used [0x00000000d7000000,0x00000000d7000000,0x00000000deb80000)
  from space 9728K, 99% used [0x00000000deb80000,0x00000000df4fd358,0x00000000df500000)
  to   space 13312K, 0% used [0x00000000e7400000,0x00000000e7400000,0x00000000e8100000)
 ParOldGen       total 84992K, used 13472K [0x0000000085000000, 0x000000008a300000, 0x00000000d7000000)
  object space 84992K, 15% used [0x0000000085000000,0x0000000085d28038,0x000000008a300000)
 Metaspace       used 20676K, capacity 21152K, committed 21296K, reserved 1069056K
  class space    used 2409K, capacity 2563K, committed 2608K, reserved 1048576K
}
Event: 2,390 GC heap before
{Heap before GC invocations=8 (full 1):
 PSYoungGen      total 136192K, used 9716K [0x00000000d7000000, 0x00000000e8100000, 0x0000000100000000)
  eden space 126464K, 0% used [0x00000000d7000000,0x00000000d7000000,0x00000000deb80000)
  from space 9728K, 99% used [0x00000000deb80000,0x00000000df4fd358,0x00000000df500000)
  to   space 13312K, 0% used [0x00000000e7400000,0x00000000e7400000,0x00000000e8100000)
 ParOldGen       total 84992K, used 13472K [0x0000000085000000, 0x000000008a300000, 0x00000000d7000000)
  object space 84992K, 15% used [0x0000000085000000,0x0000000085d28038,0x000000008a300000)
 Metaspace       used 20676K, capacity 21152K, committed 21296K, reserved 1069056K
  class space    used 2409K, capacity 2563K, committed 2608K, reserved 1048576K
Event: 2,462 GC heap after
Heap after GC invocations=8 (full 1):
 PSYoungGen      total 136192K, used 0K [0x00000000d7000000, 0x00000000e8100000, 0x0000000100000000)
  eden space 126464K, 0% used [0x00000000d7000000,0x00000000d7000000,0x00000000deb80000)
  from space 9728K, 0% used [0x00000000deb80000,0x00000000deb80000,0x00000000df500000)
  to   space 13312K, 0% used [0x00000000e7400000,0x00000000e7400000,0x00000000e8100000)
 ParOldGen       total 69632K, used 18809K [0x0000000085000000, 0x0000000089400000, 0x00000000d7000000)
  object space 69632K, 27% used [0x0000000085000000,0x000000008625e618,0x0000000089400000)
 Metaspace       used 20676K, capacity 21152K, committed 21296K, reserved 1069056K
  class space    used 2409K, capacity 2563K, committed 2608K, reserved 1048576K
}
Event: 3,157 GC heap before
{Heap before GC invocations=9 (full 1):
 PSYoungGen      total 136192K, used 126464K [0x00000000d7000000, 0x00000000e8100000, 0x0000000100000000)
  eden space 126464K, 100% used [0x00000000d7000000,0x00000000deb80000,0x00000000deb80000)
  from space 9728K, 0% used [0x00000000deb80000,0x00000000deb80000,0x00000000df500000)
  to   space 13312K, 0% used [0x00000000e7400000,0x00000000e7400000,0x00000000e8100000)
 ParOldGen       total 69632K, used 18809K [0x0000000085000000, 0x0000000089400000, 0x00000000d7000000)
  object space 69632K, 27% used [0x0000000085000000,0x000000008625e618,0x0000000089400000)
 Metaspace       used 29018K, capacity 29598K, committed 29872K, reserved 1075200K
  class space    used 3498K, capacity 3663K, committed 3760K, reserved 1048576K
Event: 3,170 GC heap after
Heap after GC invocations=9 (full 1):
 PSYoungGen      total 207872K, used 13296K [0x00000000d7000000, 0x00000000e8100000, 0x0000000100000000)
  eden space 194560K, 0% used [0x00000000d7000000,0x00000000d7000000,0x00000000e2e00000)
  from space 13312K, 99% used [0x00000000e7400000,0x00000000e80fc178,0x00000000e8100000)
  to   space 15872K, 0% used [0x00000000e6200000,0x00000000e6200000,0x00000000e7180000)
 ParOldGen       total 69632K, used 21474K [0x0000000085000000, 0x0000000089400000, 0x00000000d7000000)
  object space 69632K, 30% used [0x0000000085000000,0x00000000864f89f8,0x0000000089400000)
 Metaspace       used 29018K, capacity 29598K, committed 29872K, reserved 1075200K
  class space    used 3498K, capacity 3663K, committed 3760K, reserved 1048576K
}
Event: 4,018 GC heap before
{Heap before GC invocations=10 (full 1):
 PSYoungGen      total 207872K, used 112630K [0x00000000d7000000, 0x00000000e8100000, 0x0000000100000000)
  eden space 194560K, 51% used [0x00000000d7000000,0x00000000dd101840,0x00000000e2e00000)
  from space 13312K, 99% used [0x00000000e7400000,0x00000000e80fc178,0x00000000e8100000)
  to   space 15872K, 0% used [0x00000000e6200000,0x00000000e6200000,0x00000000e7180000)
 ParOldGen       total 69632K, used 21474K [0x0000000085000000, 0x0000000089400000, 0x00000000d7000000)
  object space 69632K, 30% used [0x0000000085000000,0x00000000864f89f8,0x0000000089400000)
 Metaspace       used 34701K, capacity 35228K, committed 35496K, reserved 1081344K
  class space    used 4233K, capacity 4404K, committed 4520K, reserved 1048576K
Event: 4,034 GC heap after
Heap after GC invocations=10 (full 1):
 PSYoungGen      total 263680K, used 15858K [0x00000000d7000000, 0x00000000e8d80000, 0x0000000100000000)
  eden space 247808K, 0% used [0x00000000d7000000,0x00000000d7000000,0x00000000e6200000)
  from space 15872K, 99% used [0x00000000e6200000,0x00000000e717c918,0x00000000e7180000)
  to   space 19456K, 0% used [0x00000000e7a80000,0x00000000e7a80000,0x00000000e8d80000)
 ParOldGen       total 69632K, used 24632K [0x0000000085000000, 0x0000000089400000, 0x00000000d7000000)
  object space 69632K, 35% used [0x0000000085000000,0x000000008680e000,0x0000000089400000)
 Metaspace       used 34701K, capacity 35228K, committed 35496K, reserved 1081344K
  class space    used 4233K, capacity 4404K, committed 4520K, reserved 1048576K
}
Event: 4,034 GC heap before
{Heap before GC invocations=11 (full 2):
 PSYoungGen      total 263680K, used 15858K [0x00000000d7000000, 0x00000000e8d80000, 0x0000000100000000)
  eden space 247808K, 0% used [0x00000000d7000000,0x00000000d7000000,0x00000000e6200000)
  from space 15872K, 99% used [0x00000000e6200000,0x00000000e717c918,0x00000000e7180000)
  to   space 19456K, 0% used [0x00000000e7a80000,0x00000000e7a80000,0x00000000e8d80000)
 ParOldGen       total 69632K, used 24632K [0x0000000085000000, 0x0000000089400000, 0x00000000d7000000)
  object space 69632K, 35% used [0x0000000085000000,0x000000008680e000,0x0000000089400000)
 Metaspace       used 34701K, capacity 35228K, committed 35496K, reserved 1081344K
  class space    used 4233K, capacity 4404K, committed 4520K, reserved 1048576K
Event: 4,112 GC heap after
Heap after GC invocations=11 (full 2):
 PSYoungGen      total 263680K, used 0K [0x00000000d7000000, 0x00000000e8d80000, 0x0000000100000000)
  eden space 247808K, 0% used [0x00000000d7000000,0x00000000d7000000,0x00000000e6200000)
  from space 15872K, 0% used [0x00000000e6200000,0x00000000e6200000,0x00000000e7180000)
  to   space 19456K, 0% used [0x00000000e7a80000,0x00000000e7a80000,0x00000000e8d80000)
 ParOldGen       total 109056K, used 31903K [0x0000000085000000, 0x000000008ba80000, 0x00000000d7000000)
  object space 109056K, 29% used [0x0000000085000000,0x0000000086f27c30,0x000000008ba80000)
 Metaspace       used 34701K, capacity 35228K, committed 35496K, reserved 1081344K
  class space    used 4233K, capacity 4404K, committed 4520K, reserved 1048576K
}

