# JRE version: Java(TM) SE Runtime Environment (8.0_101-b13) (build 1.8.0_101-b13)
# Java VM: Java HotSpot(TM) 64-Bit Server VM (25.101-b13 mixed mode linux-amd64 compressed oops)
Heap:
 PSYoungGen      total 212480K, used 15440K [0x00000000d7000000, 0x00000000e8000000, 0x0000000100000000)
  eden space 199680K, 1% used [0x00000000d7000000,0x00000000d7298fc8,0x00000000e3300000)
  from space 12800K, 99% used [0x00000000e7380000,0x00000000e7ffb410,0x00000000e8000000)
  to   space 15872K, 0% used [0x00000000e6100000,0x00000000e6100000,0x00000000e7080000)
 ParOldGen       total 68608K, used 21818K [0x0000000085000000, 0x0000000089300000, 0x00000000d7000000)
  object space 68608K, 31% used [0x0000000085000000,0x000000008654ea98,0x0000000089300000)
 Metaspace       used 29060K, capacity 29662K, committed 29872K, reserved 1075200K
  class space    used 3499K, capacity 3663K, committed 3760K, reserved 1048576K
GC Heap History (10 events):
Event: 1,503 GC heap before
{Heap before GC invocations=5 (full 0):
 PSYoungGen      total 68608K, used 68592K [0x00000000d7000000, 0x00000000db800000, 0x0000000100000000)
  eden space 63488K, 100% used [0x00000000d7000000,0x00000000dae00000,0x00000000dae00000)
  from space 5120K, 99% used [0x00000000db300000,0x00000000db7fc010,0x00000000db800000)
  to   space 5120K, 0% used [0x00000000dae00000,0x00000000dae00000,0x00000000db300000)
 ParOldGen       total 84992K, used 5522K [0x0000000085000000, 0x000000008a300000, 0x00000000d7000000)
  object space 84992K, 6% used [0x0000000085000000,0x0000000085564a50,0x000000008a300000)
 Metaspace       used 14556K, capacity 14832K, committed 14976K, reserved 1062912K
  class space    used 1724K, capacity 1825K, committed 1920K, reserved 1048576K
Event: 1,512 GC heap after
Heap after GC invocations=5 (full 0):
 PSYoungGen      total 68608K, used 5088K [0x00000000d7000000, 0x00000000dfe00000, 0x0000000100000000)
  eden space 63488K, 0% used [0x00000000d7000000,0x00000000d7000000,0x00000000dae00000)
  from space 5120K, 99% used [0x00000000dae00000,0x00000000db2f8020,0x00000000db300000)
  to   space 9216K, 0% used [0x00000000df500000,0x00000000df500000,0x00000000dfe00000)
 ParOldGen       total 84992K, used 8774K [0x0000000085000000, 0x000000008a300000, 0x00000000d7000000)
  object space 84992K, 10% used [0x0000000085000000,0x0000000085891828,0x000000008a300000)
 Metaspace       used 14556K, capacity 14832K, committed 14976K, reserved 1062912K
  class space    used 1724K, capacity 1825K, committed 1920K, reserved 1048576K
}
Event: 1,744 GC heap before
{Heap before GC invocations=6 (full 0):
 PSYoungGen      total 68608K, used 68576K [0x00000000d7000000, 0x00000000dfe00000, 0x0000000100000000)
  eden space 63488K, 100% used [0x00000000d7000000,0x00000000dae00000,0x00000000dae00000)
  from space 5120K, 99% used [0x00000000dae00000,0x00000000db2f8020,0x00000000db300000)
  to   space 9216K, 0% used [0x00000000df500000,0x00000000df500000,0x00000000dfe00000)
 ParOldGen       total 84992K, used 8774K [0x0000000085000000, 0x000000008a300000, 0x00000000d7000000)
  object space 84992K, 10% used [0x0000000085000000,0x0000000085891828,0x000000008a300000)
 Metaspace       used 15168K, capacity 15544K, committed 15744K, reserved 1062912K
  class space    used 1753K, capacity 1869K, committed 1920K, reserved 1048576K
Event: 1,757 GC heap after
Heap after GC invocations=6 (full 0):
 PSYoungGen      total 135680K, used 8035K [0x00000000d7000000, 0x00000000dff00000, 0x0000000100000000)
  eden space 126464K, 0% used [0x00000000d7000000,0x00000000d7000000,0x00000000deb80000)
  from space 9216K, 87% used [0x00000000df500000,0x00000000dfcd8ff0,0x00000000dfe00000)
  to   space 9728K, 0% used [0x00000000deb80000,0x00000000deb80000,0x00000000df500000)
 ParOldGen       total 84992K, used 8782K [0x0000000085000000, 0x000000008a300000, 0x00000000d7000000)
  object space 84992K, 10% used [0x0000000085000000,0x0000000085893828,0x000000008a300000)
 Metaspace       used 15168K, capacity 15544K, committed 15744K, reserved 1062912K
  class space    used 1753K, capacity 1869K, committed 1920K, reserved 1048576K
}
Event: 2,216 GC heap before
{Heap before GC invocations=7 (full 0):
 PSYoungGen      total 135680K, used 68822K [0x00000000d7000000, 0x00000000dff00000, 0x0000000100000000)
  eden space 126464K, 48% used [0x00000000d7000000,0x00000000dab5c8d0,0x00000000deb80000)
  from space 9216K, 87% used [0x00000000df500000,0x00000000dfcd8ff0,0x00000000dfe00000)
  to   space 9728K, 0% used [0x00000000deb80000,0x00000000deb80000,0x00000000df500000)
 ParOldGen       total 84992K, used 8782K [0x0000000085000000, 0x000000008a300000, 0x00000000d7000000)
  object space 84992K, 10% used [0x0000000085000000,0x0000000085893828,0x000000008a300000)
 Metaspace       used 20666K, capacity 21152K, committed 21296K, reserved 1069056K
  class space    used 2407K, capacity 2563K, committed 2608K, reserved 1048576K
Event: 2,231 GC heap after
Heap after GC invocations=7 (full 0):
 PSYoungGen      total 136192K, used 9701K [0x00000000d7000000, 0x00000000e8000000, 0x0000000100000000)
  eden space 126464K, 0% used [0x00000000d7000000,0x00000000d7000000,0x00000000deb80000)
  from space 9728K, 99% used [0x00000000deb80000,0x00000000df4f9588,0x00000000df500000)
  to   space 12800K, 0% used [0x00000000e7380000,0x00000000e7380000,0x00000000e8000000)
 ParOldGen       total 84992K, used 13071K [0x0000000085000000, 0x000000008a300000, 0x00000000d7000000)
  object space 84992K, 15% used [0x0000000085000000,0x0000000085cc3d90,0x000000008a300000)
 Metaspace       used 20666K, capacity 21152K, committed 21296K, reserved 1069056K
  class space    used 2407K, capacity 2563K, committed 2608K, reserved 1048576K
}
Event: 2,231 GC heap before
{Heap before GC invocations=8 (full 1):
 PSYoungGen      total 136192K, used 9701K [0x00000000d7000000, 0x00000000e8000000, 0x0000000100000000)
  eden space 126464K, 0% used [0x00000000d7000000,0x00000000d7000000,0x00000000deb80000)
  from space 9728K, 99% used [0x00000000deb80000,0x00000000df4f9588,0x00000000df500000)
  to   space 12800K, 0% used [0x00000000e7380000,0x00000000e7380000,0x00000000e8000000)
 ParOldGen       total 84992K, used 13071K [0x0000000085000000, 0x000000008a300000, 0x00000000d7000000)
  object space 84992K, 15% used [0x0000000085000000,0x0000000085cc3d90,0x000000008a300000)
 Metaspace       used 20666K, capacity 21152K, committed 21296K, reserved 1069056K
  class space    used 2407K, capacity 2563K, committed 2608K, reserved 1048576K
Event: 2,281 GC heap after
Heap after GC invocations=8 (full 1):
 PSYoungGen      total 136192K, used 0K [0x00000000d7000000, 0x00000000e8000000, 0x0000000100000000)
  eden space 126464K, 0% used [0x00000000d7000000,0x00000000d7000000,0x00000000deb80000)
  from space 9728K, 0% used [0x00000000deb80000,0x00000000deb80000,0x00000000df500000)
  to   space 12800K, 0% used [0x00000000e7380000,0x00000000e7380000,0x00000000e8000000)
 ParOldGen       total 68608K, used 18796K [0x0000000085000000, 0x0000000089300000, 0x00000000d7000000)
  object space 68608K, 27% used [0x0000000085000000,0x000000008625b3d8,0x0000000089300000)
 Metaspace       used 20666K, capacity 21152K, committed 21296K, reserved 1069056K
  class space    used 2407K, capacity 2563K, committed 2608K, reserved 1048576K
}
Event: 3,015 GC heap before
{Heap before GC invocations=9 (full 1):
 PSYoungGen      total 136192K, used 126464K [0x00000000d7000000, 0x00000000e8000000, 0x0000000100000000)
  eden space 126464K, 100% used [0x00000000d7000000,0x00000000deb80000,0x00000000deb80000)
  from space 9728K, 0% used [0x00000000deb80000,0x00000000deb80000,0x00000000df500000)
  to   space 12800K, 0% used [0x00000000e7380000,0x00000000e7380000,0x00000000e8000000)
 ParOldGen       total 68608K, used 18796K [0x0000000085000000, 0x0000000089300000, 0x00000000d7000000)
  object space 68608K, 27% used [0x0000000085000000,0x000000008625b3d8,0x0000000089300000)
 Metaspace       used 29058K, capacity 29662K, committed 29872K, reserved 1075200K
  class space    used 3499K, capacity 3663K, committed 3760K, reserved 1048576K
Event: 3,029 GC heap after
Heap after GC invocations=9 (full 1):
 PSYoungGen      total 212480K, used 12781K [0x00000000d7000000, 0x00000000e8000000, 0x0000000100000000)
  eden space 199680K, 0% used [0x00000000d7000000,0x00000000d7000000,0x00000000e3300000)
  from space 12800K, 99% used [0x00000000e7380000,0x00000000e7ffb410,0x00000000e8000000)
  to   space 15872K, 0% used [0x00000000e6100000,0x00000000e6100000,0x00000000e7080000)
 ParOldGen       total 68608K, used 21818K [0x0000000085000000, 0x0000000089300000, 0x00000000d7000000)
  object space 68608K, 31% used [0x0000000085000000,0x000000008654ea98,0x0000000089300000)
 Metaspace       used 29058K, capacity 29662K, committed 29872K, reserved 1075200K
  class space    used 3499K, capacity 3663K, committed 3760K, reserved 1048576K
}

