# JRE version: Java(TM) SE Runtime Environment (8.0_101-b13) (build 1.8.0_101-b13)
# Java VM: Java HotSpot(TM) 64-Bit Server VM (25.101-b13 mixed mode linux-amd64 compressed oops)
Heap:
 PSYoungGen      total 264704K, used 51929K [0x00000000d7000000, 0x00000000e9780000, 0x0000000100000000)
  eden space 248832K, 20% used [0x00000000d7000000,0x00000000da2b65b8,0x00000000e6300000)
  from space 15872K, 0% used [0x00000000e6300000,0x00000000e6300000,0x00000000e7280000)
  to   space 18944K, 0% used [0x00000000e8500000,0x00000000e8500000,0x00000000e9780000)
 ParOldGen       total 105472K, used 31695K [0x0000000085000000, 0x000000008b700000, 0x00000000d7000000)
  object space 105472K, 30% used [0x0000000085000000,0x0000000086ef3d10,0x000000008b700000)
 Metaspace       used 38661K, capacity 39310K, committed 39592K, reserved 1083392K
  class space    used 4819K, capacity 5015K, committed 5032K, reserved 1048576K
GC Heap History (10 events):
Event: 2,363 GC heap before
{Heap before GC invocations=7 (full 0):
 PSYoungGen      total 136704K, used 64218K [0x00000000d7000000, 0x00000000dff00000, 0x0000000100000000)
  eden space 126976K, 44% used [0x00000000d7000000,0x00000000da6a8b10,0x00000000dec00000)
  from space 9728K, 84% used [0x00000000df580000,0x00000000dfd8dd50,0x00000000dff00000)
  to   space 9728K, 0% used [0x00000000dec00000,0x00000000dec00000,0x00000000df580000)
 ParOldGen       total 84992K, used 9241K [0x0000000085000000, 0x000000008a300000, 0x00000000d7000000)
  object space 84992K, 10% used [0x0000000085000000,0x00000000859066a8,0x000000008a300000)
 Metaspace       used 20639K, capacity 21152K, committed 21296K, reserved 1069056K
  class space    used 2409K, capacity 2563K, committed 2608K, reserved 1048576K
Event: 2,379 GC heap after
Heap after GC invocations=7 (full 0):
 PSYoungGen      total 136704K, used 9727K [0x00000000d7000000, 0x00000000e8200000, 0x0000000100000000)
  eden space 126976K, 0% used [0x00000000d7000000,0x00000000d7000000,0x00000000dec00000)
  from space 9728K, 99% used [0x00000000dec00000,0x00000000df57fef0,0x00000000df580000)
  to   space 13312K, 0% used [0x00000000e7500000,0x00000000e7500000,0x00000000e8200000)
 ParOldGen       total 84992K, used 13712K [0x0000000085000000, 0x000000008a300000, 0x00000000d7000000)
  object space 84992K, 16% used [0x0000000085000000,0x0000000085d64028,0x000000008a300000)
 Metaspace       used 20639K, capacity 21152K, committed 21296K, reserved 1069056K
  class space    used 2409K, capacity 2563K, committed 2608K, reserved 1048576K
}
Event: 2,379 GC heap before
{Heap before GC invocations=8 (full 1):
 PSYoungGen      total 136704K, used 9727K [0x00000000d7000000, 0x00000000e8200000, 0x0000000100000000)
  eden space 126976K, 0% used [0x00000000d7000000,0x00000000d7000000,0x00000000dec00000)
  from space 9728K, 99% used [0x00000000dec00000,0x00000000df57fef0,0x00000000df580000)
  to   space 13312K, 0% used [0x00000000e7500000,0x00000000e7500000,0x00000000e8200000)
 ParOldGen       total 84992K, used 13712K [0x0000000085000000, 0x000000008a300000, 0x00000000d7000000)
  object space 84992K, 16% used [0x0000000085000000,0x0000000085d64028,0x000000008a300000)
 Metaspace       used 20639K, capacity 21152K, committed 21296K, reserved 1069056K
  class space    used 2409K, capacity 2563K, committed 2608K, reserved 1048576K
Event: 2,438 GC heap after
Heap after GC invocations=8 (full 1):
 PSYoungGen      total 136704K, used 0K [0x00000000d7000000, 0x00000000e8200000, 0x0000000100000000)
  eden space 126976K, 0% used [0x00000000d7000000,0x00000000d7000000,0x00000000dec00000)
  from space 9728K, 0% used [0x00000000dec00000,0x00000000dec00000,0x00000000df580000)
  to   space 13312K, 0% used [0x00000000e7500000,0x00000000e7500000,0x00000000e8200000)
 ParOldGen       total 69120K, used 18797K [0x0000000085000000, 0x0000000089380000, 0x00000000d7000000)
  object space 69120K, 27% used [0x0000000085000000,0x000000008625b428,0x0000000089380000)
 Metaspace       used 20639K, capacity 21152K, committed 21296K, reserved 1069056K
  class space    used 2409K, capacity 2563K, committed 2608K, reserved 1048576K
}
Event: 3,075 GC heap before
{Heap before GC invocations=9 (full 1):
 PSYoungGen      total 136704K, used 126976K [0x00000000d7000000, 0x00000000e8200000, 0x0000000100000000)
  eden space 126976K, 100% used [0x00000000d7000000,0x00000000dec00000,0x00000000dec00000)
  from space 9728K, 0% used [0x00000000dec00000,0x00000000dec00000,0x00000000df580000)
  to   space 13312K, 0% used [0x00000000e7500000,0x00000000e7500000,0x00000000e8200000)
 ParOldGen       total 69120K, used 18797K [0x0000000085000000, 0x0000000089380000, 0x00000000d7000000)
  object space 69120K, 27% used [0x0000000085000000,0x000000008625b428,0x0000000089380000)
 Metaspace       used 28973K, capacity 29534K, committed 29872K, reserved 1075200K
  class space    used 3500K, capacity 3663K, committed 3760K, reserved 1048576K
Event: 3,093 GC heap after
Heap after GC invocations=9 (full 1):
 PSYoungGen      total 212992K, used 13311K [0x00000000d7000000, 0x00000000e8200000, 0x0000000100000000)
  eden space 199680K, 0% used [0x00000000d7000000,0x00000000d7000000,0x00000000e3300000)
  from space 13312K, 99% used [0x00000000e7500000,0x00000000e81ffd80,0x00000000e8200000)
  to   space 15872K, 0% used [0x00000000e6300000,0x00000000e6300000,0x00000000e7280000)
 ParOldGen       total 69120K, used 21463K [0x0000000085000000, 0x0000000089380000, 0x00000000d7000000)
  object space 69120K, 31% used [0x0000000085000000,0x00000000864f5f48,0x0000000089380000)
 Metaspace       used 28973K, capacity 29534K, committed 29872K, reserved 1075200K
  class space    used 3500K, capacity 3663K, committed 3760K, reserved 1048576K
}
Event: 3,880 GC heap before
{Heap before GC invocations=10 (full 1):
 PSYoungGen      total 212992K, used 110618K [0x00000000d7000000, 0x00000000e8200000, 0x0000000100000000)
  eden space 199680K, 48% used [0x00000000d7000000,0x00000000dcf06e48,0x00000000e3300000)
  from space 13312K, 99% used [0x00000000e7500000,0x00000000e81ffd80,0x00000000e8200000)
  to   space 15872K, 0% used [0x00000000e6300000,0x00000000e6300000,0x00000000e7280000)
 ParOldGen       total 69120K, used 21463K [0x0000000085000000, 0x0000000089380000, 0x00000000d7000000)
  object space 69120K, 31% used [0x0000000085000000,0x00000000864f5f48,0x0000000089380000)
 Metaspace       used 34651K, capacity 35228K, committed 35496K, reserved 1081344K
  class space    used 4228K, capacity 4404K, committed 4520K, reserved 1048576K
Event: 3,894 GC heap after
Heap after GC invocations=10 (full 1):
 PSYoungGen      total 264704K, used 15849K [0x00000000d7000000, 0x00000000e9780000, 0x0000000100000000)
  eden space 248832K, 0% used [0x00000000d7000000,0x00000000d7000000,0x00000000e6300000)
  from space 15872K, 99% used [0x00000000e6300000,0x00000000e727a7f0,0x00000000e7280000)
  to   space 18944K, 0% used [0x00000000e8500000,0x00000000e8500000,0x00000000e9780000)
 ParOldGen       total 69120K, used 24304K [0x0000000085000000, 0x0000000089380000, 0x00000000d7000000)
  object space 69120K, 35% used [0x0000000085000000,0x00000000867bc1e8,0x0000000089380000)
 Metaspace       used 34651K, capacity 35228K, committed 35496K, reserved 1081344K
  class space    used 4228K, capacity 4404K, committed 4520K, reserved 1048576K
}
Event: 3,894 GC heap before
{Heap before GC invocations=11 (full 2):
 PSYoungGen      total 264704K, used 15849K [0x00000000d7000000, 0x00000000e9780000, 0x0000000100000000)
  eden space 248832K, 0% used [0x00000000d7000000,0x00000000d7000000,0x00000000e6300000)
  from space 15872K, 99% used [0x00000000e6300000,0x00000000e727a7f0,0x00000000e7280000)
  to   space 18944K, 0% used [0x00000000e8500000,0x00000000e8500000,0x00000000e9780000)
 ParOldGen       total 69120K, used 24304K [0x0000000085000000, 0x0000000089380000, 0x00000000d7000000)
  object space 69120K, 35% used [0x0000000085000000,0x00000000867bc1e8,0x0000000089380000)
 Metaspace       used 34651K, capacity 35228K, committed 35496K, reserved 1081344K
  class space    used 4228K, capacity 4404K, committed 4520K, reserved 1048576K
Event: 3,949 GC heap after
Heap after GC invocations=11 (full 2):
 PSYoungGen      total 264704K, used 0K [0x00000000d7000000, 0x00000000e9780000, 0x0000000100000000)
  eden space 248832K, 0% used [0x00000000d7000000,0x00000000d7000000,0x00000000e6300000)
  from space 15872K, 0% used [0x00000000e6300000,0x00000000e6300000,0x00000000e7280000)
  to   space 18944K, 0% used [0x00000000e8500000,0x00000000e8500000,0x00000000e9780000)
 ParOldGen       total 105472K, used 31695K [0x0000000085000000, 0x000000008b700000, 0x00000000d7000000)
  object space 105472K, 30% used [0x0000000085000000,0x0000000086ef3d10,0x000000008b700000)
 Metaspace       used 34651K, capacity 35228K, committed 35496K, reserved 1081344K
  class space    used 4228K, capacity 4404K, committed 4520K, reserved 1048576K
}

